c:\users\jason\documents\visual studio 2013\projects\cs174assignment1\cs174assignment1\debug\vc120.pdb
c:\users\jason\documents\visual studio 2013\projects\cs174assignment1\cs174assignment1\debug\vc120.idb
c:\users\jason\documents\visual studio 2013\projects\cs174assignment1\cs174assignment1\debug\anim.obj
c:\users\jason\documents\visual studio 2013\projects\cs174assignment1\cs174assignment1\debug\ball.obj
c:\users\jason\documents\visual studio 2013\projects\cs174assignment1\cs174assignment1\debug\ballaux.obj
c:\users\jason\documents\visual studio 2013\projects\cs174assignment1\cs174assignment1\debug\ballmath.obj
c:\users\jason\documents\visual studio 2013\projects\cs174assignment1\cs174assignment1\debug\framesaver.obj
c:\users\jason\documents\visual studio 2013\projects\cs174assignment1\cs174assignment1\debug\initshader.obj
c:\users\jason\documents\visual studio 2013\projects\cs174assignment1\cs174assignment1\debug\shapes.obj
c:\users\jason\documents\visual studio 2013\projects\cs174assignment1\cs174assignment1\debug\tga.obj
c:\users\jason\documents\visual studio 2013\projects\cs174assignment1\cs174assignment1\debug\timer.obj
c:\users\jason\documents\visual studio 2013\projects\cs174assignment1\debug\cs174assignment1.pdb
c:\users\jason\documents\visual studio 2013\projects\cs174assignment1\cs174assignment1\debug\cs174assignment1.tlog\cl.command.1.tlog
c:\users\jason\documents\visual studio 2013\projects\cs174assignment1\cs174assignment1\debug\cs174assignment1.tlog\cl.read.1.tlog
c:\users\jason\documents\visual studio 2013\projects\cs174assignment1\cs174assignment1\debug\cs174assignment1.tlog\cl.write.1.tlog
c:\users\jason\documents\visual studio 2013\projects\cs174assignment1\cs174assignment1\debug\cs174assignment1.tlog\link-cvtres.read.1.tlog
c:\users\jason\documents\visual studio 2013\projects\cs174assignment1\cs174assignment1\debug\cs174assignment1.tlog\link-cvtres.write.1.tlog
c:\users\jason\documents\visual studio 2013\projects\cs174assignment1\cs174assignment1\debug\cs174assignment1.tlog\link-rc.read.1.tlog
c:\users\jason\documents\visual studio 2013\projects\cs174assignment1\cs174assignment1\debug\cs174assignment1.tlog\link-rc.write.1.tlog
c:\users\jason\documents\visual studio 2013\projects\cs174assignment1\cs174assignment1\debug\cs174assignment1.tlog\link.command.1.tlog
c:\users\jason\documents\visual studio 2013\projects\cs174assignment1\cs174assignment1\debug\cs174assignment1.tlog\link.read.1.tlog
c:\users\jason\documents\visual studio 2013\projects\cs174assignment1\cs174assignment1\debug\cs174assignment1.tlog\link.write.1.tlog
