Build started 2/28/2014 2:33:02 PM.
     1>Project "C:\Users\Jason\Desktop\Winter2014\CS32\BugBlast\BugBlast\BugBlast.vcxproj" on node 2 (Build target(s)).
     1>ClCompile:
         C:\Program Files (x86)\Microsoft Visual Studio 12.0\VC\bin\CL.exe /c /IirrKlang /ZI /nologo /W3 /WX- /Od /Oy- /D WIN32 /D _DEBUG /D _CONSOLE /D _CRT_SECURE_NO_WARNINGS /D GLUT_BUILDING_LIB /D _UNICODE /D UNICODE /Gm /EHsc /RTC1 /MTd /GS /fp:precise /Zc:wchar_t /Zc:forScope /Fo"Debug\\" /Fd"Debug\vc120.pdb" /Gd /TP /analyze- /errorReport:prompt Actor.cpp StudentWorld.cpp
         Actor.cpp
     1>c:\users\jason\desktop\winter2014\cs32\bugblast\bugblast\actor.cpp(422): warning C4244: 'argument' : conversion from 'time_t' to 'unsigned int', possible loss of data
     1>c:\users\jason\desktop\winter2014\cs32\bugblast\bugblast\actor.cpp(633): warning C4244: 'argument' : conversion from 'time_t' to 'unsigned int', possible loss of data
     1>c:\users\jason\desktop\winter2014\cs32\bugblast\bugblast\actor.cpp(726): warning C4244: 'argument' : conversion from 'time_t' to 'unsigned int', possible loss of data
         Generating Code...
     1>c:\users\jason\desktop\winter2014\cs32\bugblast\bugblast\actor.cpp(209): warning C4715: 'Exit::performAction' : not all control paths return a value
     1>c:\users\jason\desktop\winter2014\cs32\bugblast\bugblast\actor.cpp(868): warning C4715: 'ComplexZumi::performAction' : not all control paths return a value
         Compiling...
         StudentWorld.cpp
     1>c:\users\jason\desktop\winter2014\cs32\bugblast\bugblast\studentworld.cpp(82): warning C4018: '<' : signed/unsigned mismatch
     1>c:\users\jason\desktop\winter2014\cs32\bugblast\bugblast\studentworld.cpp(168): warning C4018: '<' : signed/unsigned mismatch
     1>c:\users\jason\desktop\winter2014\cs32\bugblast\bugblast\studentworld.cpp(184): warning C4018: '<' : signed/unsigned mismatch
     1>c:\users\jason\desktop\winter2014\cs32\bugblast\bugblast\studentworld.cpp(299): warning C4018: '<' : signed/unsigned mismatch
     1>c:\users\jason\desktop\winter2014\cs32\bugblast\bugblast\studentworld.cpp(361): warning C4018: '<' : signed/unsigned mismatch
     1>c:\users\jason\desktop\winter2014\cs32\bugblast\bugblast\studentworld.cpp(380): warning C4018: '<' : signed/unsigned mismatch
     1>c:\users\jason\desktop\winter2014\cs32\bugblast\bugblast\studentworld.cpp(394): warning C4018: '<' : signed/unsigned mismatch
     1>c:\users\jason\desktop\winter2014\cs32\bugblast\bugblast\studentworld.cpp(428): warning C4018: '<' : signed/unsigned mismatch
     1>c:\users\jason\desktop\winter2014\cs32\bugblast\bugblast\studentworld.cpp(445): warning C4018: '<' : signed/unsigned mismatch
         Generating Code...
     1>c:\users\jason\desktop\winter2014\cs32\bugblast\bugblast\studentworld.cpp(246): warning C4715: 'StudentWorld::LoadLevel' : not all control paths return a value
       Link:
         C:\Program Files (x86)\Microsoft Visual Studio 12.0\VC\bin\link.exe /ERRORREPORT:PROMPT /OUT:"C:\Users\Jason\Desktop\Winter2014\CS32\BugBlast\Debug\BugBlast.exe" /INCREMENTAL /NOLOGO ..\glut32.lib dsound.lib winmm.lib opengl32.lib glu32.lib kernel32.lib user32.lib gdi32.lib winspool.lib comdlg32.lib advapi32.lib shell32.lib ole32.lib oleaut32.lib uuid.lib odbc32.lib odbccp32.lib /MANIFEST /MANIFESTUAC:"level='asInvoker' uiAccess='false'" /manifest:embed /DEBUG /PDB:"C:\Users\Jason\Desktop\Winter2014\CS32\BugBlast\Debug\BugBlast.pdb" /SUBSYSTEM:CONSOLE /TLBID:1 /DYNAMICBASE /NXCOMPAT /IMPLIB:"C:\Users\Jason\Desktop\Winter2014\CS32\BugBlast\Debug\BugBlast.lib" /MACHINE:X86 Debug\Actor.obj
         Debug\GameController.obj
         Debug\GameWorld.obj
         Debug\main.obj
         Debug\StudentWorld.obj
         BugBlast.vcxproj -> C:\Users\Jason\Desktop\Winter2014\CS32\BugBlast\Debug\BugBlast.exe
     1>Done Building Project "C:\Users\Jason\Desktop\Winter2014\CS32\BugBlast\BugBlast\BugBlast.vcxproj" (Build target(s)).

Build succeeded.

Time Elapsed 00:00:02.22
