Build started 1/13/2014 7:08:16 PM.
     1>Project "C:\Users\Jason\Desktop\Winter2014\CS32\Assignment1\Assignment1\Assignment1.vcxproj" on node 2 (build target(s)).
     1>InitializeBuildStatus:
         Touching "Debug\Assignment1.unsuccessfulbuild".
       ClCompile:
         C:\Program Files (x86)\Microsoft Visual Studio 10.0\VC\bin\CL.exe /c /ZI /nologo /W3 /WX- /Od /Oy- /D WIN32 /D _DEBUG /D _CONSOLE /D _UNICODE /D UNICODE /Gm /EHsc /RTC1 /MDd /GS /fp:precise /Zc:wchar_t /Zc:forScope /Fo"Debug\\" /Fd"Debug\vc100.pdb" /Gd /TP /analyze- /errorReport:prompt main.cpp utilities.cpp
         utilities.cpp
         main.cpp
         Generating Code...
       ManifestResourceCompile:
         All outputs are up-to-date.
       Link:
         C:\Program Files (x86)\Microsoft Visual Studio 10.0\VC\bin\link.exe /ERRORREPORT:PROMPT /OUT:"C:\Users\Jason\Desktop\Winter2014\CS32\Assignment1\Debug\Assignment1.exe" /INCREMENTAL /NOLOGO kernel32.lib user32.lib gdi32.lib winspool.lib comdlg32.lib advapi32.lib shell32.lib ole32.lib oleaut32.lib uuid.lib odbc32.lib odbccp32.lib /MANIFEST /ManifestFile:"Debug\Assignment1.exe.intermediate.manifest" /MANIFESTUAC:"level='asInvoker' uiAccess='false'" /DEBUG /PDB:"C:\Users\Jason\Desktop\Winter2014\CS32\Assignment1\Debug\Assignment1.pdb" /SUBSYSTEM:CONSOLE /TLBID:1 /DYNAMICBASE /NXCOMPAT /IMPLIB:"C:\Users\Jason\Desktop\Winter2014\CS32\Assignment1\Debug\Assignment1.lib" /MACHINE:X86 Debug\Assignment1.exe.embed.manifest.res
         Debug\Arena.obj
         Debug\Game.obj
         Debug\History.obj
         Debug\main.obj
         Debug\Player.obj
         Debug\utilities.obj
         Debug\Zombie.obj
         LINK : C:\Users\Jason\Desktop\Winter2014\CS32\Assignment1\Debug\Assignment1.exe not found or not built by the last incremental link; performing full link
       Manifest:
         C:\Program Files (x86)\Microsoft SDKs\Windows\v7.0A\bin\mt.exe /nologo /verbose /out:"Debug\Assignment1.exe.embed.manifest" /manifest Debug\Assignment1.exe.intermediate.manifest
         All outputs are up-to-date.
       LinkEmbedManifest:
         All outputs are up-to-date.
         Assignment1.vcxproj -> C:\Users\Jason\Desktop\Winter2014\CS32\Assignment1\Debug\Assignment1.exe
       FinalizeBuildStatus:
         Deleting file "Debug\Assignment1.unsuccessfulbuild".
         Touching "Debug\Assignment1.lastbuildstate".
     1>Done Building Project "C:\Users\Jason\Desktop\Winter2014\CS32\Assignment1\Assignment1\Assignment1.vcxproj" (build target(s)).

Build succeeded.

Time Elapsed 00:00:02.90
